<?xml version="1.0" encoding="UTF-8"?>
<TestRun id="b9a1df32-52c9-491b-9bcc-fbc58f6b4471" name="MyHomeBills@MYHOMEBILLSVM 2019-10-31 20:04:50" runUser="MYHOMEBILLS\MyHomeBills" xmlns="http://microsoft.com/schemas/VisualStudio/TeamTest/2010">
  <Times creation="2019-10-31T20:04:50.1322078+02:00" queuing="2019-10-31T20:04:50.1322078+02:00" start="2019-10-31T20:04:50.1732177+02:00" finish="2019-10-31T20:04:59.2626867+02:00" />
  <TestSettings name="default" id="a7bd4ebc-430e-4e31-87bb-4553e48a411f">
    <Execution>
      <TestTypeSpecific />
    </Execution>
    <Deployment runDeploymentRoot="MyHomeBills_MYHOMEBILLSVM 2019-10-31 20_04_50" />
    <Properties />
  </TestSettings>
  <Results>
    <UnitTestResult executionId="e86fe08e-caf6-473f-a650-df2b254e272b" testId="58ca17a3-ca5c-747e-6fa5-c2a5efff03bf" testName="CheckForCategoriesDuplicates" computerName="MYHOMEBILLSVM" duration="00:00:00.1331408" startTime="2019-10-31T20:04:48.7148831+02:00" endTime="2019-10-31T20:04:48.9309370+02:00" testType="13cdc9d9-ddb5-4fa4-a97d-d965ccfc6d4b" outcome="Passed" testListId="8c84fa94-04c1-424b-9868-57a2d4851a1d" relativeResultsDirectory="e86fe08e-caf6-473f-a650-df2b254e272b" />
    <UnitTestResult executionId="c378a492-e55d-4db9-af6e-6692c4ed9bee" testId="789f7bcf-9239-ef37-e48a-2d1b9a88898c" testName="AddNewParentExpenditure" computerName="MYHOMEBILLSVM" duration="00:00:00.2463168" startTime="2019-10-31T20:04:48.9519444+02:00" endTime="2019-10-31T20:04:49.6430981+02:00" testType="13cdc9d9-ddb5-4fa4-a97d-d965ccfc6d4b" outcome="Passed" testListId="8c84fa94-04c1-424b-9868-57a2d4851a1d" relativeResultsDirectory="c378a492-e55d-4db9-af6e-6692c4ed9bee" />
    <UnitTestResult executionId="80334b2c-3844-4af1-9cd1-3f288a9d6d41" testId="a79daace-b08c-d3de-4aad-55216aaf81fd" testName="UpdateParentExpenditure" computerName="MYHOMEBILLSVM" duration="00:00:00.2327651" startTime="2019-10-31T20:04:49.6430981+02:00" endTime="2019-10-31T20:04:50.2482313+02:00" testType="13cdc9d9-ddb5-4fa4-a97d-d965ccfc6d4b" outcome="Passed" testListId="8c84fa94-04c1-424b-9868-57a2d4851a1d" relativeResultsDirectory="80334b2c-3844-4af1-9cd1-3f288a9d6d41" />
    <UnitTestResult executionId="474ccd59-85c4-4080-8483-ed48151a0334" testId="aadd219b-600d-ad98-30c1-aad422224f0a" testName="DuplicateMonthRecords" computerName="MYHOMEBILLSVM" duration="00:00:01.6696882" startTime="2019-10-31T20:04:50.2482313+02:00" endTime="2019-10-31T20:04:52.1576189+02:00" testType="13cdc9d9-ddb5-4fa4-a97d-d965ccfc6d4b" outcome="Passed" testListId="8c84fa94-04c1-424b-9868-57a2d4851a1d" relativeResultsDirectory="474ccd59-85c4-4080-8483-ed48151a0334" />
    <UnitTestResult executionId="4df4b4c3-c131-4fe2-af12-fb490943b75e" testId="1db793bd-d7df-d899-942d-37a6ccb35467" testName="ChangeProductCategory" computerName="MYHOMEBILLSVM" duration="00:00:01.2232762" startTime="2019-10-31T20:04:52.1576189+02:00" endTime="2019-10-31T20:04:53.3818410+02:00" testType="13cdc9d9-ddb5-4fa4-a97d-d965ccfc6d4b" outcome="Passed" testListId="8c84fa94-04c1-424b-9868-57a2d4851a1d" relativeResultsDirectory="4df4b4c3-c131-4fe2-af12-fb490943b75e" />
    <UnitTestResult executionId="45e8e675-768c-46c3-a4b6-c4bf1db86644" testId="8291913c-4414-03a6-e29c-637be0630b8e" testName="ChangeProductDefaultMeasureType" computerName="MYHOMEBILLSVM" duration="00:00:01.3675606" startTime="2019-10-31T20:04:53.3818410+02:00" endTime="2019-10-31T20:04:54.7540731+02:00" testType="13cdc9d9-ddb5-4fa4-a97d-d965ccfc6d4b" outcome="Passed" testListId="8c84fa94-04c1-424b-9868-57a2d4851a1d" relativeResultsDirectory="45e8e675-768c-46c3-a4b6-c4bf1db86644" />
    <UnitTestResult executionId="43b6a246-abcf-42ac-ae01-b63813c663e7" testId="6d09549d-cdb8-b73d-858d-4fa5e6f1231e" testName="ChangeProductDefaultSupplier" computerName="MYHOMEBILLSVM" duration="00:00:00.5387952" startTime="2019-10-31T20:04:54.7540731+02:00" endTime="2019-10-31T20:04:55.2941557+02:00" testType="13cdc9d9-ddb5-4fa4-a97d-d965ccfc6d4b" outcome="Passed" testListId="8c84fa94-04c1-424b-9868-57a2d4851a1d" relativeResultsDirectory="43b6a246-abcf-42ac-ae01-b63813c663e7" />
    <UnitTestResult executionId="115db1db-cfea-48d3-97ff-0bd225d08292" testId="5508c5af-0427-c3f0-1f03-04d104277c55" testName="MergeProducts" computerName="MYHOMEBILLSVM" duration="00:00:00.7555886" startTime="2019-10-31T20:04:55.2941557+02:00" endTime="2019-10-31T20:04:56.0502640+02:00" testType="13cdc9d9-ddb5-4fa4-a97d-d965ccfc6d4b" outcome="Passed" testListId="8c84fa94-04c1-424b-9868-57a2d4851a1d" relativeResultsDirectory="115db1db-cfea-48d3-97ff-0bd225d08292" />
    <UnitTestResult executionId="b4b63533-a729-4189-801d-a4031c6d3274" testId="aa3eee00-9d53-f0dc-606d-690dafd723e4" testName="CheckCategoryReportResultsAndCompareWithPlainSQLQuery" computerName="MYHOMEBILLSVM" duration="00:00:00.3357500" startTime="2019-10-31T20:04:56.0502640+02:00" endTime="2019-10-31T20:04:56.3863120+02:00" testType="13cdc9d9-ddb5-4fa4-a97d-d965ccfc6d4b" outcome="Passed" testListId="8c84fa94-04c1-424b-9868-57a2d4851a1d" relativeResultsDirectory="b4b63533-a729-4189-801d-a4031c6d3274" />
    <UnitTestResult executionId="551c2863-23d5-4d69-ace8-ffd353303cb0" testId="6a35e675-0057-0e40-0ee6-48732f86724a" testName="CheckSumSpendPerDayTest" computerName="MYHOMEBILLSVM" duration="00:00:01.2877030" startTime="2019-10-31T20:04:56.3873122+02:00" endTime="2019-10-31T20:04:57.6754891+02:00" testType="13cdc9d9-ddb5-4fa4-a97d-d965ccfc6d4b" outcome="Passed" testListId="8c84fa94-04c1-424b-9868-57a2d4851a1d" relativeResultsDirectory="551c2863-23d5-4d69-ace8-ffd353303cb0" />
  </Results>
  <TestDefinitions>
    <UnitTest name="CheckForCategoriesDuplicates" storage="c:\jenkins\workspace\myhomebills\mhb.unittests\bin\release\mhb.unittests.dll" id="58ca17a3-ca5c-747e-6fa5-c2a5efff03bf">
      <Execution id="e86fe08e-caf6-473f-a650-df2b254e272b" />
      <TestMethod codeBase="C:\Jenkins\workspace\MyHomeBills\MHB.UnitTests\bin\Release\MHB.UnitTests.dll" adapterTypeName="Microsoft.VisualStudio.TestTools.TestTypes.Unit.UnitTestAdapter" className="MHB.UnitTests.CategoriesTests," name="CheckForCategoriesDuplicates" />
    </UnitTest>
    <UnitTest name="AddNewParentExpenditure" storage="c:\jenkins\workspace\myhomebills\mhb.unittests\bin\release\mhb.unittests.dll" id="789f7bcf-9239-ef37-e48a-2d1b9a88898c">
      <Execution id="c378a492-e55d-4db9-af6e-6692c4ed9bee" />
      <TestMethod codeBase="C:\Jenkins\workspace\MyHomeBills\MHB.UnitTests\bin\Release\MHB.UnitTests.dll" adapterTypeName="Microsoft.VisualStudio.TestTools.TestTypes.Unit.UnitTestAdapter" className="MHB.UnitTests.ExpendituresCRUDOperationsTests," name="AddNewParentExpenditure" />
    </UnitTest>
    <UnitTest name="UpdateParentExpenditure" storage="c:\jenkins\workspace\myhomebills\mhb.unittests\bin\release\mhb.unittests.dll" id="a79daace-b08c-d3de-4aad-55216aaf81fd">
      <Execution id="80334b2c-3844-4af1-9cd1-3f288a9d6d41" />
      <TestMethod codeBase="C:\Jenkins\workspace\MyHomeBills\MHB.UnitTests\bin\Release\MHB.UnitTests.dll" adapterTypeName="Microsoft.VisualStudio.TestTools.TestTypes.Unit.UnitTestAdapter" className="MHB.UnitTests.ExpendituresCRUDOperationsTests," name="UpdateParentExpenditure" />
    </UnitTest>
    <UnitTest name="DuplicateMonthRecords" storage="c:\jenkins\workspace\myhomebills\mhb.unittests\bin\release\mhb.unittests.dll" id="aadd219b-600d-ad98-30c1-aad422224f0a">
      <Execution id="474ccd59-85c4-4080-8483-ed48151a0334" />
      <TestMethod codeBase="C:\Jenkins\workspace\MyHomeBills\MHB.UnitTests\bin\Release\MHB.UnitTests.dll" adapterTypeName="Microsoft.VisualStudio.TestTools.TestTypes.Unit.UnitTestAdapter" className="MHB.UnitTests.ExpendituresCRUDOperationsTests," name="DuplicateMonthRecords" />
    </UnitTest>
    <UnitTest name="ChangeProductCategory" storage="c:\jenkins\workspace\myhomebills\mhb.unittests\bin\release\mhb.unittests.dll" id="1db793bd-d7df-d899-942d-37a6ccb35467">
      <Execution id="4df4b4c3-c131-4fe2-af12-fb490943b75e" />
      <TestMethod codeBase="C:\Jenkins\workspace\MyHomeBills\MHB.UnitTests\bin\Release\MHB.UnitTests.dll" adapterTypeName="Microsoft.VisualStudio.TestTools.TestTypes.Unit.UnitTestAdapter" className="MHB.UnitTests.ProductUnitTest," name="ChangeProductCategory" />
    </UnitTest>
    <UnitTest name="ChangeProductDefaultMeasureType" storage="c:\jenkins\workspace\myhomebills\mhb.unittests\bin\release\mhb.unittests.dll" id="8291913c-4414-03a6-e29c-637be0630b8e">
      <Execution id="45e8e675-768c-46c3-a4b6-c4bf1db86644" />
      <TestMethod codeBase="C:\Jenkins\workspace\MyHomeBills\MHB.UnitTests\bin\Release\MHB.UnitTests.dll" adapterTypeName="Microsoft.VisualStudio.TestTools.TestTypes.Unit.UnitTestAdapter" className="MHB.UnitTests.ProductUnitTest," name="ChangeProductDefaultMeasureType" />
    </UnitTest>
    <UnitTest name="ChangeProductDefaultSupplier" storage="c:\jenkins\workspace\myhomebills\mhb.unittests\bin\release\mhb.unittests.dll" id="6d09549d-cdb8-b73d-858d-4fa5e6f1231e">
      <Execution id="43b6a246-abcf-42ac-ae01-b63813c663e7" />
      <TestMethod codeBase="C:\Jenkins\workspace\MyHomeBills\MHB.UnitTests\bin\Release\MHB.UnitTests.dll" adapterTypeName="Microsoft.VisualStudio.TestTools.TestTypes.Unit.UnitTestAdapter" className="MHB.UnitTests.ProductUnitTest," name="ChangeProductDefaultSupplier" />
    </UnitTest>
    <UnitTest name="MergeProducts" storage="c:\jenkins\workspace\myhomebills\mhb.unittests\bin\release\mhb.unittests.dll" id="5508c5af-0427-c3f0-1f03-04d104277c55">
      <Execution id="115db1db-cfea-48d3-97ff-0bd225d08292" />
      <TestMethod codeBase="C:\Jenkins\workspace\MyHomeBills\MHB.UnitTests\bin\Release\MHB.UnitTests.dll" adapterTypeName="Microsoft.VisualStudio.TestTools.TestTypes.Unit.UnitTestAdapter" className="MHB.UnitTests.ProductUnitTest," name="MergeProducts" />
    </UnitTest>
    <UnitTest name="CheckCategoryReportResultsAndCompareWithPlainSQLQuery" storage="c:\jenkins\workspace\myhomebills\mhb.unittests\bin\release\mhb.unittests.dll" id="aa3eee00-9d53-f0dc-606d-690dafd723e4">
      <Execution id="b4b63533-a729-4189-801d-a4031c6d3274" />
      <TestMethod codeBase="C:\Jenkins\workspace\MyHomeBills\MHB.UnitTests\bin\Release\MHB.UnitTests.dll" adapterTypeName="Microsoft.VisualStudio.TestTools.TestTypes.Unit.UnitTestAdapter" className="MHB.UnitTests.ProductUnitTest," name="CheckCategoryReportResultsAndCompareWithPlainSQLQuery" />
    </UnitTest>
    <UnitTest name="CheckSumSpendPerDayTest" storage="c:\jenkins\workspace\myhomebills\mhb.unittests\bin\release\mhb.unittests.dll" id="6a35e675-0057-0e40-0ee6-48732f86724a">
      <Execution id="551c2863-23d5-4d69-ace8-ffd353303cb0" />
      <TestMethod codeBase="C:\Jenkins\workspace\MyHomeBills\MHB.UnitTests\bin\Release\MHB.UnitTests.dll" adapterTypeName="Microsoft.VisualStudio.TestTools.TestTypes.Unit.UnitTestAdapter" className="MHB.UnitTests.ReportsCheckTests," name="CheckSumSpendPerDayTest" />
    </UnitTest>
  </TestDefinitions>
  <TestEntries>
    <TestEntry testId="58ca17a3-ca5c-747e-6fa5-c2a5efff03bf" executionId="e86fe08e-caf6-473f-a650-df2b254e272b" testListId="8c84fa94-04c1-424b-9868-57a2d4851a1d" />
    <TestEntry testId="789f7bcf-9239-ef37-e48a-2d1b9a88898c" executionId="c378a492-e55d-4db9-af6e-6692c4ed9bee" testListId="8c84fa94-04c1-424b-9868-57a2d4851a1d" />
    <TestEntry testId="a79daace-b08c-d3de-4aad-55216aaf81fd" executionId="80334b2c-3844-4af1-9cd1-3f288a9d6d41" testListId="8c84fa94-04c1-424b-9868-57a2d4851a1d" />
    <TestEntry testId="aadd219b-600d-ad98-30c1-aad422224f0a" executionId="474ccd59-85c4-4080-8483-ed48151a0334" testListId="8c84fa94-04c1-424b-9868-57a2d4851a1d" />
    <TestEntry testId="1db793bd-d7df-d899-942d-37a6ccb35467" executionId="4df4b4c3-c131-4fe2-af12-fb490943b75e" testListId="8c84fa94-04c1-424b-9868-57a2d4851a1d" />
    <TestEntry testId="8291913c-4414-03a6-e29c-637be0630b8e" executionId="45e8e675-768c-46c3-a4b6-c4bf1db86644" testListId="8c84fa94-04c1-424b-9868-57a2d4851a1d" />
    <TestEntry testId="6d09549d-cdb8-b73d-858d-4fa5e6f1231e" executionId="43b6a246-abcf-42ac-ae01-b63813c663e7" testListId="8c84fa94-04c1-424b-9868-57a2d4851a1d" />
    <TestEntry testId="5508c5af-0427-c3f0-1f03-04d104277c55" executionId="115db1db-cfea-48d3-97ff-0bd225d08292" testListId="8c84fa94-04c1-424b-9868-57a2d4851a1d" />
    <TestEntry testId="aa3eee00-9d53-f0dc-606d-690dafd723e4" executionId="b4b63533-a729-4189-801d-a4031c6d3274" testListId="8c84fa94-04c1-424b-9868-57a2d4851a1d" />
    <TestEntry testId="6a35e675-0057-0e40-0ee6-48732f86724a" executionId="551c2863-23d5-4d69-ace8-ffd353303cb0" testListId="8c84fa94-04c1-424b-9868-57a2d4851a1d" />
  </TestEntries>
  <TestLists>
    <TestList name="Results Not in a List" id="8c84fa94-04c1-424b-9868-57a2d4851a1d" />
    <TestList name="All Loaded Results" id="19431567-8539-422a-85d7-44ee4e166bda" />
  </TestLists>
  <ResultSummary outcome="Completed">
    <Counters total="10" executed="10" passed="10" failed="0" error="0" timeout="0" aborted="0" inconclusive="0" passedButRunAborted="0" notRunnable="0" notExecuted="0" disconnected="0" warning="0" completed="0" inProgress="0" pending="0" />
  </ResultSummary>
</TestRun>